[2026-01-27 20:41:32,179] 23 root -  INFO - Initiate the data ingestion
[2026-01-27 20:41:33,983] 65 root -  INFO - Performed train test split on the dataframe
[2026-01-27 20:41:33,983] 67 root -  INFO - Exited split_data_as_train_test method of Data_Ingestion class
[2026-01-27 20:41:33,984] 75 root -  INFO - Exporting train and test file path.
[2026-01-27 20:41:34,026] 84 root -  INFO - Exported train and test file path.
[2026-01-27 20:41:34,027] 25 root -  INFO - Data Initiation Completed
[2026-01-27 20:41:34,030] 31 root -  INFO - Initiate the data Validation
[2026-01-27 20:41:34,049] 32 root -  INFO - Required number of columns:2
[2026-01-27 20:41:34,050] 33 root -  INFO - Data frame has columns:31
[2026-01-27 20:41:34,050] 32 root -  INFO - Required number of columns:2
[2026-01-27 20:41:34,050] 33 root -  INFO - Data frame has columns:31
[2026-01-27 20:41:34,162] 33 root -  INFO - Data Validation Completed
[2026-01-27 20:41:34,162] 38 root -  INFO - Data Transformation started
[2026-01-27 20:41:34,162] 45 root -  INFO - Entered initiate_data_transformation method of DataTransformation class
[2026-01-27 20:41:34,162] 47 root -  INFO - Starting Data Transformation
[2026-01-27 20:41:34,181] 34 root -  INFO - Entered the get_data_transformation_object method of DataTransformation class
[2026-01-27 20:41:34,181] 37 root -  INFO - Initialised KNN Imputer with {'missing_values': nan, 'n_neighbors': 3, 'weights': 'uniform'}
[2026-01-27 20:41:34,198] 42 root -  INFO - Data Transformation completed
[2026-01-27 20:41:34,198] 46 root -  INFO - Model Trainer started
[2026-01-27 20:43:51,346] 93 root -  INFO - Model Trainer Artifact: ModelTrainerArtifact(trained_model_file_path='Artifacts\\01_27_2026_20_41_31\\model_trainer\\trained_model\\model.pkl', train_metric_artifact=ClassificationMetricArtifact(f1_score=1.0, precision_score=1.0, recall_score=1.0), test_metric_artifact=ClassificationMetricArtifact(f1_score=1.0, precision_score=1.0, recall_score=1.0))
[2026-01-27 20:43:51,348] 50 root -  INFO - Model Trainer completed
