[2026-01-27 21:15:49,270] 23 root -  INFO - Initiate the data ingestion
[2026-01-27 21:15:51,394] 65 root -  INFO - Performed train test split on the dataframe
[2026-01-27 21:15:51,394] 67 root -  INFO - Exited split_data_as_train_test method of Data_Ingestion class
[2026-01-27 21:15:51,395] 75 root -  INFO - Exporting train and test file path.
[2026-01-27 21:15:51,440] 84 root -  INFO - Exported train and test file path.
[2026-01-27 21:15:51,441] 25 root -  INFO - Data Initiation Completed
[2026-01-27 21:15:51,445] 31 root -  INFO - Initiate the data Validation
[2026-01-27 21:15:51,463] 32 root -  INFO - Required number of columns:2
[2026-01-27 21:15:51,464] 33 root -  INFO - Data frame has columns:31
[2026-01-27 21:15:51,464] 32 root -  INFO - Required number of columns:2
[2026-01-27 21:15:51,464] 33 root -  INFO - Data frame has columns:31
[2026-01-27 21:15:51,604] 33 root -  INFO - Data Validation Completed
[2026-01-27 21:15:51,605] 38 root -  INFO - Data Transformation started
[2026-01-27 21:15:51,605] 45 root -  INFO - Entered initiate_data_transformation method of DataTransformation class
[2026-01-27 21:15:51,605] 47 root -  INFO - Starting Data Transformation
[2026-01-27 21:15:51,629] 34 root -  INFO - Entered the get_data_transformation_object method of DataTransformation class
[2026-01-27 21:15:51,629] 37 root -  INFO - Initialised KNN Imputer with {'missing_values': nan, 'n_neighbors': 3, 'weights': 'uniform'}
[2026-01-27 21:15:51,651] 42 root -  INFO - Data Transformation completed
[2026-01-27 21:15:51,651] 46 root -  INFO - Model Trainer started
[2026-01-27 21:16:14,722] 110 root -  INFO - Model Trainer Artifact: ModelTrainerArtifact(trained_model_file_path='Artifacts\\01_27_2026_21_15_47\\model_trainer\\trained_model\\model.pkl', train_metric_artifact=ClassificationMetricArtifact(f1_score=1.0, precision_score=1.0, recall_score=1.0), test_metric_artifact=ClassificationMetricArtifact(f1_score=1.0, precision_score=1.0, recall_score=1.0))
[2026-01-27 21:16:14,723] 50 root -  INFO - Model Trainer completed
